<?xml version="1.0" encoding="UTF-8"?>
<testsuite xmlns:xsi="http://www.w3.org/2001/XMLSchema-instance" xsi:noNamespaceSchemaLocation="https://maven.apache.org/surefire/maven-surefire-plugin/xsd/surefire-test-report-3.0.xsd" version="3.0" name="com.sgev.service.DescontoServiceTest" time="0.087" tests="4" errors="0" skipped="0" failures="0">
  <properties>
[...]
</properties>
  <testcase name="testeDescontoDezPorCento" classname="com.sgev.service.DescontoServiceTest" time="0.041"/>
  <testcase name="testeDescontoCincoPorCento" classname="com.sgev.service.DescontoServiceTest" time="0.002"/>
  <testcase name="testeDescontoSemDesconto" classname="com.sgev.service.DescontoServiceTest" time="0.001"/>
  <testcase name="testeDescontoManualAcimaDoLimite" classname="com.sgev.service.DescontoServiceTest" time="0.003"/>
</testsuite>